<?xml version="1.0" encoding="UTF-8"?>
<!-- Generated by org.testng.reporters.JUnitReportReporter -->
<testsuite hostname="DESKTOP-QS24LJ3" name="com.masterselenium.BasicTestWD" tests="2" failures="0" timestamp="4 Jun 2017 02:05:32 GMT" time="357.560" errors="0">
  <testcase name="googleMilkExample" time="29.108" classname="com.masterselenium.BasicTestWD"/>
  <testcase name="googleCheeseExample" time="328.452" classname="com.masterselenium.BasicTestWD"/>
</testsuite> <!-- com.masterselenium.BasicTestWD -->
